<?xml version="1.0" encoding="UTF-8"?>
<!-- Generated by org.testng.reporters.JUnitReportReporter -->
<testsuite skipped="0" hostname="d100" name="liveECommercesiteTesting.VerifyMobileList" tests="1" failures="0" timestamp="11 Nov 2018 08:27:37 GMT" time="6.789" errors="0">
  <testcase name="openEcommerceSite" time="6.789" classname="liveECommercesiteTesting.VerifyMobileList"/>
</testsuite> <!-- liveECommercesiteTesting.VerifyMobileList -->
